<?xml version="1.0" encoding="UTF-8"?>
<!-- Generated by org.testng.reporters.JUnitReportReporter -->
<testsuite hostname="Kedar" failures="0" tests="1" name="com.testvagrant.test.HomePageImdbTest" time="89.840" errors="0" timestamp="2022-10-06T22:38:15 IST" skipped="0">
  <testcase classname="com.testvagrant.test.HomePageImdbTest" name="validateCountry" time="89.840"/>
  <system-out/>
</testsuite> <!-- com.testvagrant.test.HomePageImdbTest -->
